// Output created by jacc on Thu Feb 06 13:44:21 CET 2014

state 0 (entry on top)
    $accept : _top $end

    FORM shift 3
    . error

    top goto 1
    form goto 2

state 1 (entry on top)
    $accept : top_$end

    $end accept
    . error

state 2 (entry on form)
    top : form_    (1)

    $end reduce 1
    . error

state 3 (entry on FORM)
    form : FORM_IDENTIFIER '{' statements '}'    (2)

    IDENTIFIER shift 4
    . error

state 4 (entry on IDENTIFIER)
    form : FORM IDENTIFIER_'{' statements '}'    (2)

    '{' shift 5
    . error

state 5 (entry on '{')
    form : FORM IDENTIFIER '{'_statements '}'    (2)

    IDENTIFIER shift 11
    IF shift 12
    . error

    ifThen goto 6
    ifThenElse goto 7
    question goto 8
    statement goto 9
    statements goto 10

state 6 (entry on ifThen)
    statement : ifThen_    (6)

    IF reduce 6
    IDENTIFIER reduce 6
    '}' reduce 6
    . error

state 7 (entry on ifThenElse)
    statement : ifThenElse_    (7)

    IF reduce 7
    IDENTIFIER reduce 7
    '}' reduce 7
    . error

state 8 (entry on question)
    statement : question_    (5)

    IF reduce 5
    IDENTIFIER reduce 5
    '}' reduce 5
    . error

state 9 (entry on statement)
    statements : statement_    (4)

    IF reduce 4
    IDENTIFIER reduce 4
    '}' reduce 4
    . error

state 10 (entry on statements)
    form : FORM IDENTIFIER '{' statements_'}'    (2)
    statements : statements_statement    (3)

    IDENTIFIER shift 11
    IF shift 12
    '}' shift 14
    . error

    ifThen goto 6
    ifThenElse goto 7
    question goto 8
    statement goto 13

state 11 (entry on IDENTIFIER)
    question : IDENTIFIER_':' LABEL type expr    (8)
    question : IDENTIFIER_':' LABEL type    (9)

    ':' shift 15
    . error

state 12 (entry on IF)
    ifThen : IF_'(' expr ')' '{' statements '}'    (10)
    ifThenElse : IF_'(' expr ')' '{' statements '}' ELSE '{' statements '}'    (11)

    '(' shift 16
    . error

state 13 (entry on statement)
    statements : statements statement_    (3)

    IF reduce 3
    IDENTIFIER reduce 3
    '}' reduce 3
    . error

state 14 (entry on '}')
    form : FORM IDENTIFIER '{' statements '}'_    (2)

    $end reduce 2
    . error

state 15 (entry on ':')
    question : IDENTIFIER ':'_LABEL type expr    (8)
    question : IDENTIFIER ':'_LABEL type    (9)

    LABEL shift 17
    . error

state 16 (entry on '(')
    ifThen : IF '('_expr ')' '{' statements '}'    (10)
    ifThenElse : IF '('_expr ')' '{' statements '}' ELSE '{' statements '}'    (11)

    IDENTIFIER shift 19
    INT shift 20
    '!' shift 21
    '(' shift 22
    '+' shift 23
    '-' shift 24
    . error

    expr goto 18

state 17 (entry on LABEL)
    question : IDENTIFIER ':' LABEL_type expr    (8)
    question : IDENTIFIER ':' LABEL_type    (9)

    BOOLEAN shift 26
    INT shift 27
    MONEY shift 28
    STRING shift 29
    . error

    type goto 25

state 18 (entry on expr)
    ifThen : IF '(' expr_')' '{' statements '}'    (10)
    ifThenElse : IF '(' expr_')' '{' statements '}' ELSE '{' statements '}'    (11)
    expr : expr_'*' expr    (19)
    expr : expr_'/' expr    (20)
    expr : expr_'+' expr    (21)
    expr : expr_'-' expr    (22)
    expr : expr_EQ expr    (23)
    expr : expr_NEQ expr    (24)
    expr : expr_'>' expr    (25)
    expr : expr_'<' expr    (26)
    expr : expr_GEQ expr    (27)
    expr : expr_LEQ expr    (28)
    expr : expr_AND expr    (29)
    expr : expr_OR expr    (30)

    AND shift 30
    EQ shift 31
    GEQ shift 32
    LEQ shift 33
    NEQ shift 34
    OR shift 35
    ')' shift 36
    '*' shift 37
    '+' shift 38
    '-' shift 39
    '/' shift 40
    '<' shift 41
    '>' shift 42
    . error

state 19 (entry on IDENTIFIER)
    expr : IDENTIFIER_    (32)

    '<' reduce 32
    LEQ reduce 32
    GEQ reduce 32
    '+' reduce 32
    '*' reduce 32
    ')' reduce 32
    IF reduce 32
    '-' reduce 32
    '/' reduce 32
    EQ reduce 32
    IDENTIFIER reduce 32
    '}' reduce 32
    OR reduce 32
    '>' reduce 32
    NEQ reduce 32
    AND reduce 32
    . error

state 20 (entry on INT)
    expr : INT_    (31)

    '<' reduce 31
    LEQ reduce 31
    GEQ reduce 31
    '+' reduce 31
    '*' reduce 31
    ')' reduce 31
    IF reduce 31
    '-' reduce 31
    '/' reduce 31
    EQ reduce 31
    IDENTIFIER reduce 31
    '}' reduce 31
    OR reduce 31
    '>' reduce 31
    NEQ reduce 31
    AND reduce 31
    . error

state 21 (entry on '!')
    expr : '!'_expr    (18)

    IDENTIFIER shift 19
    INT shift 20
    '!' shift 21
    '(' shift 22
    '+' shift 23
    '-' shift 24
    . error

    expr goto 43

state 22 (entry on '(')
    expr : '('_expr ')'    (33)

    IDENTIFIER shift 19
    INT shift 20
    '!' shift 21
    '(' shift 22
    '+' shift 23
    '-' shift 24
    . error

    expr goto 44

state 23 (entry on '+')
    expr : '+'_expr    (16)

    IDENTIFIER shift 19
    INT shift 20
    '!' shift 21
    '(' shift 22
    '+' shift 23
    '-' shift 24
    . error

    expr goto 45

state 24 (entry on '-')
    expr : '-'_expr    (17)

    IDENTIFIER shift 19
    INT shift 20
    '!' shift 21
    '(' shift 22
    '+' shift 23
    '-' shift 24
    . error

    expr goto 46

25: shift/reduce conflict (shift 19 and red'n 9) on IDENTIFIER
state 25 (entry on type)
    question : IDENTIFIER ':' LABEL type_expr    (8)
    question : IDENTIFIER ':' LABEL type_    (9)

    IDENTIFIER shift 19
    INT shift 20
    '!' shift 21
    '(' shift 22
    '+' shift 23
    '-' shift 24
    IF reduce 9
    '}' reduce 9
    . error

    expr goto 47

state 26 (entry on BOOLEAN)
    type : BOOLEAN_    (14)

    '-' reduce 14
    '+' reduce 14
    '(' reduce 14
    '!' reduce 14
    INT reduce 14
    IF reduce 14
    IDENTIFIER reduce 14
    '}' reduce 14
    . error

state 27 (entry on INT)
    type : INT_    (13)

    '-' reduce 13
    '+' reduce 13
    '(' reduce 13
    '!' reduce 13
    INT reduce 13
    IF reduce 13
    IDENTIFIER reduce 13
    '}' reduce 13
    . error

state 28 (entry on MONEY)
    type : MONEY_    (15)

    '-' reduce 15
    '+' reduce 15
    '(' reduce 15
    '!' reduce 15
    INT reduce 15
    IF reduce 15
    IDENTIFIER reduce 15
    '}' reduce 15
    . error

state 29 (entry on STRING)
    type : STRING_    (12)

    '-' reduce 12
    '+' reduce 12
    '(' reduce 12
    '!' reduce 12
    INT reduce 12
    IF reduce 12
    IDENTIFIER reduce 12
    '}' reduce 12
    . error

state 30 (entry on AND)
    expr : expr AND_expr    (29)

    IDENTIFIER shift 19
    INT shift 20
    '!' shift 21
    '(' shift 22
    '+' shift 23
    '-' shift 24
    . error

    expr goto 48

state 31 (entry on EQ)
    expr : expr EQ_expr    (23)

    IDENTIFIER shift 19
    INT shift 20
    '!' shift 21
    '(' shift 22
    '+' shift 23
    '-' shift 24
    . error

    expr goto 49

state 32 (entry on GEQ)
    expr : expr GEQ_expr    (27)

    IDENTIFIER shift 19
    INT shift 20
    '!' shift 21
    '(' shift 22
    '+' shift 23
    '-' shift 24
    . error

    expr goto 50

state 33 (entry on LEQ)
    expr : expr LEQ_expr    (28)

    IDENTIFIER shift 19
    INT shift 20
    '!' shift 21
    '(' shift 22
    '+' shift 23
    '-' shift 24
    . error

    expr goto 51

state 34 (entry on NEQ)
    expr : expr NEQ_expr    (24)

    IDENTIFIER shift 19
    INT shift 20
    '!' shift 21
    '(' shift 22
    '+' shift 23
    '-' shift 24
    . error

    expr goto 52

state 35 (entry on OR)
    expr : expr OR_expr    (30)

    IDENTIFIER shift 19
    INT shift 20
    '!' shift 21
    '(' shift 22
    '+' shift 23
    '-' shift 24
    . error

    expr goto 53

state 36 (entry on ')')
    ifThen : IF '(' expr ')'_'{' statements '}'    (10)
    ifThenElse : IF '(' expr ')'_'{' statements '}' ELSE '{' statements '}'    (11)

    '{' shift 54
    . error

state 37 (entry on '*')
    expr : expr '*'_expr    (19)

    IDENTIFIER shift 19
    INT shift 20
    '!' shift 21
    '(' shift 22
    '+' shift 23
    '-' shift 24
    . error

    expr goto 55

state 38 (entry on '+')
    expr : expr '+'_expr    (21)

    IDENTIFIER shift 19
    INT shift 20
    '!' shift 21
    '(' shift 22
    '+' shift 23
    '-' shift 24
    . error

    expr goto 56

state 39 (entry on '-')
    expr : expr '-'_expr    (22)

    IDENTIFIER shift 19
    INT shift 20
    '!' shift 21
    '(' shift 22
    '+' shift 23
    '-' shift 24
    . error

    expr goto 57

state 40 (entry on '/')
    expr : expr '/'_expr    (20)

    IDENTIFIER shift 19
    INT shift 20
    '!' shift 21
    '(' shift 22
    '+' shift 23
    '-' shift 24
    . error

    expr goto 58

state 41 (entry on '<')
    expr : expr '<'_expr    (26)

    IDENTIFIER shift 19
    INT shift 20
    '!' shift 21
    '(' shift 22
    '+' shift 23
    '-' shift 24
    . error

    expr goto 59

state 42 (entry on '>')
    expr : expr '>'_expr    (25)

    IDENTIFIER shift 19
    INT shift 20
    '!' shift 21
    '(' shift 22
    '+' shift 23
    '-' shift 24
    . error

    expr goto 60

state 43 (entry on expr)
    expr : '!' expr_    (18)
    expr : expr_'*' expr    (19)
    expr : expr_'/' expr    (20)
    expr : expr_'+' expr    (21)
    expr : expr_'-' expr    (22)
    expr : expr_EQ expr    (23)
    expr : expr_NEQ expr    (24)
    expr : expr_'>' expr    (25)
    expr : expr_'<' expr    (26)
    expr : expr_GEQ expr    (27)
    expr : expr_LEQ expr    (28)
    expr : expr_AND expr    (29)
    expr : expr_OR expr    (30)

    '<' reduce 18
    LEQ reduce 18
    GEQ reduce 18
    '+' reduce 18
    '*' reduce 18
    ')' reduce 18
    IF reduce 18
    '-' reduce 18
    '/' reduce 18
    EQ reduce 18
    IDENTIFIER reduce 18
    '}' reduce 18
    OR reduce 18
    '>' reduce 18
    NEQ reduce 18
    AND reduce 18
    . error

state 44 (entry on expr)
    expr : expr_'*' expr    (19)
    expr : expr_'/' expr    (20)
    expr : expr_'+' expr    (21)
    expr : expr_'-' expr    (22)
    expr : expr_EQ expr    (23)
    expr : expr_NEQ expr    (24)
    expr : expr_'>' expr    (25)
    expr : expr_'<' expr    (26)
    expr : expr_GEQ expr    (27)
    expr : expr_LEQ expr    (28)
    expr : expr_AND expr    (29)
    expr : expr_OR expr    (30)
    expr : '(' expr_')'    (33)

    AND shift 30
    EQ shift 31
    GEQ shift 32
    LEQ shift 33
    NEQ shift 34
    OR shift 35
    '*' shift 37
    '+' shift 38
    '-' shift 39
    '/' shift 40
    '<' shift 41
    '>' shift 42
    ')' shift 61
    . error

state 45 (entry on expr)
    expr : '+' expr_    (16)
    expr : expr_'*' expr    (19)
    expr : expr_'/' expr    (20)
    expr : expr_'+' expr    (21)
    expr : expr_'-' expr    (22)
    expr : expr_EQ expr    (23)
    expr : expr_NEQ expr    (24)
    expr : expr_'>' expr    (25)
    expr : expr_'<' expr    (26)
    expr : expr_GEQ expr    (27)
    expr : expr_LEQ expr    (28)
    expr : expr_AND expr    (29)
    expr : expr_OR expr    (30)

    '<' reduce 16
    LEQ reduce 16
    GEQ reduce 16
    '+' reduce 16
    '*' reduce 16
    ')' reduce 16
    IF reduce 16
    '-' reduce 16
    '/' reduce 16
    EQ reduce 16
    IDENTIFIER reduce 16
    '}' reduce 16
    OR reduce 16
    '>' reduce 16
    NEQ reduce 16
    AND reduce 16
    . error

state 46 (entry on expr)
    expr : '-' expr_    (17)
    expr : expr_'*' expr    (19)
    expr : expr_'/' expr    (20)
    expr : expr_'+' expr    (21)
    expr : expr_'-' expr    (22)
    expr : expr_EQ expr    (23)
    expr : expr_NEQ expr    (24)
    expr : expr_'>' expr    (25)
    expr : expr_'<' expr    (26)
    expr : expr_GEQ expr    (27)
    expr : expr_LEQ expr    (28)
    expr : expr_AND expr    (29)
    expr : expr_OR expr    (30)

    '<' reduce 17
    LEQ reduce 17
    GEQ reduce 17
    '+' reduce 17
    '*' reduce 17
    ')' reduce 17
    IF reduce 17
    '-' reduce 17
    '/' reduce 17
    EQ reduce 17
    IDENTIFIER reduce 17
    '}' reduce 17
    OR reduce 17
    '>' reduce 17
    NEQ reduce 17
    AND reduce 17
    . error

state 47 (entry on expr)
    question : IDENTIFIER ':' LABEL type expr_    (8)
    expr : expr_'*' expr    (19)
    expr : expr_'/' expr    (20)
    expr : expr_'+' expr    (21)
    expr : expr_'-' expr    (22)
    expr : expr_EQ expr    (23)
    expr : expr_NEQ expr    (24)
    expr : expr_'>' expr    (25)
    expr : expr_'<' expr    (26)
    expr : expr_GEQ expr    (27)
    expr : expr_LEQ expr    (28)
    expr : expr_AND expr    (29)
    expr : expr_OR expr    (30)

    AND shift 30
    EQ shift 31
    GEQ shift 32
    LEQ shift 33
    NEQ shift 34
    OR shift 35
    '*' shift 37
    '+' shift 38
    '-' shift 39
    '/' shift 40
    '<' shift 41
    '>' shift 42
    IF reduce 8
    IDENTIFIER reduce 8
    '}' reduce 8
    . error

state 48 (entry on expr)
    expr : expr_'*' expr    (19)
    expr : expr_'/' expr    (20)
    expr : expr_'+' expr    (21)
    expr : expr_'-' expr    (22)
    expr : expr_EQ expr    (23)
    expr : expr_NEQ expr    (24)
    expr : expr_'>' expr    (25)
    expr : expr_'<' expr    (26)
    expr : expr_GEQ expr    (27)
    expr : expr_LEQ expr    (28)
    expr : expr_AND expr    (29)
    expr : expr AND expr_    (29)
    expr : expr_OR expr    (30)

    EQ shift 31
    GEQ shift 32
    LEQ shift 33
    NEQ shift 34
    '*' shift 37
    '+' shift 38
    '-' shift 39
    '/' shift 40
    '<' shift 41
    '>' shift 42
    ')' reduce 29
    IF reduce 29
    IDENTIFIER reduce 29
    '}' reduce 29
    OR reduce 29
    AND reduce 29
    . error

state 49 (entry on expr)
    expr : expr_'*' expr    (19)
    expr : expr_'/' expr    (20)
    expr : expr_'+' expr    (21)
    expr : expr_'-' expr    (22)
    expr : expr_EQ expr    (23)
    expr : expr EQ expr_    (23)
    expr : expr_NEQ expr    (24)
    expr : expr_'>' expr    (25)
    expr : expr_'<' expr    (26)
    expr : expr_GEQ expr    (27)
    expr : expr_LEQ expr    (28)
    expr : expr_AND expr    (29)
    expr : expr_OR expr    (30)

    '*' shift 37
    '+' shift 38
    '-' shift 39
    '/' shift 40
    '<' reduce 23
    LEQ reduce 23
    GEQ reduce 23
    ')' reduce 23
    IF reduce 23
    EQ reduce 23
    IDENTIFIER reduce 23
    '}' reduce 23
    OR reduce 23
    '>' reduce 23
    NEQ reduce 23
    AND reduce 23
    . error

state 50 (entry on expr)
    expr : expr_'*' expr    (19)
    expr : expr_'/' expr    (20)
    expr : expr_'+' expr    (21)
    expr : expr_'-' expr    (22)
    expr : expr_EQ expr    (23)
    expr : expr_NEQ expr    (24)
    expr : expr_'>' expr    (25)
    expr : expr_'<' expr    (26)
    expr : expr_GEQ expr    (27)
    expr : expr GEQ expr_    (27)
    expr : expr_LEQ expr    (28)
    expr : expr_AND expr    (29)
    expr : expr_OR expr    (30)

    '*' shift 37
    '+' shift 38
    '-' shift 39
    '/' shift 40
    '<' reduce 27
    LEQ reduce 27
    GEQ reduce 27
    ')' reduce 27
    IF reduce 27
    EQ reduce 27
    IDENTIFIER reduce 27
    '}' reduce 27
    OR reduce 27
    '>' reduce 27
    NEQ reduce 27
    AND reduce 27
    . error

state 51 (entry on expr)
    expr : expr_'*' expr    (19)
    expr : expr_'/' expr    (20)
    expr : expr_'+' expr    (21)
    expr : expr_'-' expr    (22)
    expr : expr_EQ expr    (23)
    expr : expr_NEQ expr    (24)
    expr : expr_'>' expr    (25)
    expr : expr_'<' expr    (26)
    expr : expr_GEQ expr    (27)
    expr : expr_LEQ expr    (28)
    expr : expr LEQ expr_    (28)
    expr : expr_AND expr    (29)
    expr : expr_OR expr    (30)

    '*' shift 37
    '+' shift 38
    '-' shift 39
    '/' shift 40
    '<' reduce 28
    LEQ reduce 28
    GEQ reduce 28
    ')' reduce 28
    IF reduce 28
    EQ reduce 28
    IDENTIFIER reduce 28
    '}' reduce 28
    OR reduce 28
    '>' reduce 28
    NEQ reduce 28
    AND reduce 28
    . error

state 52 (entry on expr)
    expr : expr_'*' expr    (19)
    expr : expr_'/' expr    (20)
    expr : expr_'+' expr    (21)
    expr : expr_'-' expr    (22)
    expr : expr_EQ expr    (23)
    expr : expr_NEQ expr    (24)
    expr : expr NEQ expr_    (24)
    expr : expr_'>' expr    (25)
    expr : expr_'<' expr    (26)
    expr : expr_GEQ expr    (27)
    expr : expr_LEQ expr    (28)
    expr : expr_AND expr    (29)
    expr : expr_OR expr    (30)

    '*' shift 37
    '+' shift 38
    '-' shift 39
    '/' shift 40
    '<' reduce 24
    LEQ reduce 24
    GEQ reduce 24
    ')' reduce 24
    IF reduce 24
    EQ reduce 24
    IDENTIFIER reduce 24
    '}' reduce 24
    OR reduce 24
    '>' reduce 24
    NEQ reduce 24
    AND reduce 24
    . error

state 53 (entry on expr)
    expr : expr_'*' expr    (19)
    expr : expr_'/' expr    (20)
    expr : expr_'+' expr    (21)
    expr : expr_'-' expr    (22)
    expr : expr_EQ expr    (23)
    expr : expr_NEQ expr    (24)
    expr : expr_'>' expr    (25)
    expr : expr_'<' expr    (26)
    expr : expr_GEQ expr    (27)
    expr : expr_LEQ expr    (28)
    expr : expr_AND expr    (29)
    expr : expr_OR expr    (30)
    expr : expr OR expr_    (30)

    AND shift 30
    EQ shift 31
    GEQ shift 32
    LEQ shift 33
    NEQ shift 34
    '*' shift 37
    '+' shift 38
    '-' shift 39
    '/' shift 40
    '<' shift 41
    '>' shift 42
    ')' reduce 30
    IF reduce 30
    IDENTIFIER reduce 30
    '}' reduce 30
    OR reduce 30
    . error

state 54 (entry on '{')
    ifThen : IF '(' expr ')' '{'_statements '}'    (10)
    ifThenElse : IF '(' expr ')' '{'_statements '}' ELSE '{' statements '}'    (11)

    IDENTIFIER shift 11
    IF shift 12
    . error

    ifThen goto 6
    ifThenElse goto 7
    question goto 8
    statement goto 9
    statements goto 62

state 55 (entry on expr)
    expr : expr_'*' expr    (19)
    expr : expr '*' expr_    (19)
    expr : expr_'/' expr    (20)
    expr : expr_'+' expr    (21)
    expr : expr_'-' expr    (22)
    expr : expr_EQ expr    (23)
    expr : expr_NEQ expr    (24)
    expr : expr_'>' expr    (25)
    expr : expr_'<' expr    (26)
    expr : expr_GEQ expr    (27)
    expr : expr_LEQ expr    (28)
    expr : expr_AND expr    (29)
    expr : expr_OR expr    (30)

    '<' reduce 19
    LEQ reduce 19
    GEQ reduce 19
    '+' reduce 19
    '*' reduce 19
    ')' reduce 19
    IF reduce 19
    '-' reduce 19
    '/' reduce 19
    EQ reduce 19
    IDENTIFIER reduce 19
    '}' reduce 19
    OR reduce 19
    '>' reduce 19
    NEQ reduce 19
    AND reduce 19
    . error

state 56 (entry on expr)
    expr : expr_'*' expr    (19)
    expr : expr_'/' expr    (20)
    expr : expr_'+' expr    (21)
    expr : expr '+' expr_    (21)
    expr : expr_'-' expr    (22)
    expr : expr_EQ expr    (23)
    expr : expr_NEQ expr    (24)
    expr : expr_'>' expr    (25)
    expr : expr_'<' expr    (26)
    expr : expr_GEQ expr    (27)
    expr : expr_LEQ expr    (28)
    expr : expr_AND expr    (29)
    expr : expr_OR expr    (30)

    '*' shift 37
    '/' shift 40
    '<' reduce 21
    LEQ reduce 21
    GEQ reduce 21
    '+' reduce 21
    ')' reduce 21
    '-' reduce 21
    IF reduce 21
    EQ reduce 21
    IDENTIFIER reduce 21
    '}' reduce 21
    OR reduce 21
    '>' reduce 21
    NEQ reduce 21
    AND reduce 21
    . error

state 57 (entry on expr)
    expr : expr_'*' expr    (19)
    expr : expr_'/' expr    (20)
    expr : expr_'+' expr    (21)
    expr : expr_'-' expr    (22)
    expr : expr '-' expr_    (22)
    expr : expr_EQ expr    (23)
    expr : expr_NEQ expr    (24)
    expr : expr_'>' expr    (25)
    expr : expr_'<' expr    (26)
    expr : expr_GEQ expr    (27)
    expr : expr_LEQ expr    (28)
    expr : expr_AND expr    (29)
    expr : expr_OR expr    (30)

    '*' shift 37
    '/' shift 40
    '<' reduce 22
    LEQ reduce 22
    GEQ reduce 22
    '+' reduce 22
    ')' reduce 22
    '-' reduce 22
    IF reduce 22
    EQ reduce 22
    IDENTIFIER reduce 22
    '}' reduce 22
    OR reduce 22
    '>' reduce 22
    NEQ reduce 22
    AND reduce 22
    . error

state 58 (entry on expr)
    expr : expr_'*' expr    (19)
    expr : expr_'/' expr    (20)
    expr : expr '/' expr_    (20)
    expr : expr_'+' expr    (21)
    expr : expr_'-' expr    (22)
    expr : expr_EQ expr    (23)
    expr : expr_NEQ expr    (24)
    expr : expr_'>' expr    (25)
    expr : expr_'<' expr    (26)
    expr : expr_GEQ expr    (27)
    expr : expr_LEQ expr    (28)
    expr : expr_AND expr    (29)
    expr : expr_OR expr    (30)

    '<' reduce 20
    LEQ reduce 20
    GEQ reduce 20
    '+' reduce 20
    '*' reduce 20
    ')' reduce 20
    IF reduce 20
    '-' reduce 20
    '/' reduce 20
    EQ reduce 20
    IDENTIFIER reduce 20
    '}' reduce 20
    OR reduce 20
    '>' reduce 20
    NEQ reduce 20
    AND reduce 20
    . error

state 59 (entry on expr)
    expr : expr_'*' expr    (19)
    expr : expr_'/' expr    (20)
    expr : expr_'+' expr    (21)
    expr : expr_'-' expr    (22)
    expr : expr_EQ expr    (23)
    expr : expr_NEQ expr    (24)
    expr : expr_'>' expr    (25)
    expr : expr_'<' expr    (26)
    expr : expr '<' expr_    (26)
    expr : expr_GEQ expr    (27)
    expr : expr_LEQ expr    (28)
    expr : expr_AND expr    (29)
    expr : expr_OR expr    (30)

    '*' shift 37
    '+' shift 38
    '-' shift 39
    '/' shift 40
    '<' reduce 26
    LEQ reduce 26
    GEQ reduce 26
    ')' reduce 26
    IF reduce 26
    EQ reduce 26
    IDENTIFIER reduce 26
    '}' reduce 26
    OR reduce 26
    '>' reduce 26
    NEQ reduce 26
    AND reduce 26
    . error

state 60 (entry on expr)
    expr : expr_'*' expr    (19)
    expr : expr_'/' expr    (20)
    expr : expr_'+' expr    (21)
    expr : expr_'-' expr    (22)
    expr : expr_EQ expr    (23)
    expr : expr_NEQ expr    (24)
    expr : expr_'>' expr    (25)
    expr : expr '>' expr_    (25)
    expr : expr_'<' expr    (26)
    expr : expr_GEQ expr    (27)
    expr : expr_LEQ expr    (28)
    expr : expr_AND expr    (29)
    expr : expr_OR expr    (30)

    '*' shift 37
    '+' shift 38
    '-' shift 39
    '/' shift 40
    '<' reduce 25
    LEQ reduce 25
    GEQ reduce 25
    ')' reduce 25
    IF reduce 25
    EQ reduce 25
    IDENTIFIER reduce 25
    '}' reduce 25
    OR reduce 25
    '>' reduce 25
    NEQ reduce 25
    AND reduce 25
    . error

state 61 (entry on ')')
    expr : '(' expr ')'_    (33)

    '<' reduce 33
    LEQ reduce 33
    GEQ reduce 33
    '+' reduce 33
    '*' reduce 33
    ')' reduce 33
    IF reduce 33
    '-' reduce 33
    '/' reduce 33
    EQ reduce 33
    IDENTIFIER reduce 33
    '}' reduce 33
    OR reduce 33
    '>' reduce 33
    NEQ reduce 33
    AND reduce 33
    . error

state 62 (entry on statements)
    ifThen : IF '(' expr ')' '{' statements_'}'    (10)
    ifThenElse : IF '(' expr ')' '{' statements_'}' ELSE '{' statements '}'    (11)
    statements : statements_statement    (3)

    IDENTIFIER shift 11
    IF shift 12
    '}' shift 63
    . error

    ifThen goto 6
    ifThenElse goto 7
    question goto 8
    statement goto 13

state 63 (entry on '}')
    ifThen : IF '(' expr ')' '{' statements '}'_    (10)
    ifThenElse : IF '(' expr ')' '{' statements '}'_ELSE '{' statements '}'    (11)

    ELSE shift 64
    IF reduce 10
    IDENTIFIER reduce 10
    '}' reduce 10
    . error

state 64 (entry on ELSE)
    ifThenElse : IF '(' expr ')' '{' statements '}' ELSE_'{' statements '}'    (11)

    '{' shift 65
    . error

state 65 (entry on '{')
    ifThenElse : IF '(' expr ')' '{' statements '}' ELSE '{'_statements '}'    (11)

    IDENTIFIER shift 11
    IF shift 12
    . error

    ifThen goto 6
    ifThenElse goto 7
    question goto 8
    statement goto 9
    statements goto 66

state 66 (entry on statements)
    ifThenElse : IF '(' expr ')' '{' statements '}' ELSE '{' statements_'}'    (11)
    statements : statements_statement    (3)

    IDENTIFIER shift 11
    IF shift 12
    '}' shift 67
    . error

    ifThen goto 6
    ifThenElse goto 7
    question goto 8
    statement goto 13

state 67 (entry on '}')
    ifThenElse : IF '(' expr ')' '{' statements '}' ELSE '{' statements '}'_    (11)

    IF reduce 11
    IDENTIFIER reduce 11
    '}' reduce 11
    . error

35 terminals, 9 nonterminals;
33 grammar rules, 68 states;
1 shift/reduce and 0 reduce/reduce conflicts reported.
